#
# There is insufficient memory for the Java Runtime Environment to continue.
# Native memory allocation (malloc) failed to allocate 32744 bytes for ChunkPool::allocate
# Possible reasons:
#   The system is out of physical RAM or swap space
#   The process is running with CompressedOops enabled, and the Java Heap may be blocking the growth of the native heap
# Possible solutions:
#   Reduce memory load on the system
#   Increase physical memory or swap space
#   Check if swap backing store is full
#   Decrease Java heap size (-Xmx/-Xms)
#   Decrease number of Java threads
#   Decrease Java thread stack sizes (-Xss)
#   Set larger code cache with -XX:ReservedCodeCacheSize=
#   JVM is running with Zero Based Compressed Oops mode in which the Java heap is
#     placed in the first 32GB address space. The Java Heap base address is the
#     maximum limit for the native heap growth. Please use -XX:HeapBaseMinAddress
#     to set the Java Heap base and to place the Java Heap above 32GB virtual address.
# This output file may be truncated or incomplete.
#
#  Out of Memory Error (allocation.cpp:272), pid=5060, tid=0x0000000000003398
#
# JRE version: Java(TM) SE Runtime Environment (8.0_241-b07) (build 1.8.0_241-b07)
# Java VM: Java HotSpot(TM) 64-Bit Server VM (25.241-b07 mixed mode windows-amd64 compressed oops)
# Failed to write core dump. Minidumps are not enabled by default on client versions of Windows
#

---------------  T H R E A D  ---------------

Current thread (0x000000001c8ea800):  JavaThread "task-1" [_thread_in_vm, id=13208, stack(0x0000000022d40000,0x0000000022e40000)]

Stack: [0x0000000022d40000,0x0000000022e40000]
[error occurred during error reporting (printing stack bounds), id 0xc0000005]

Native frames: (J=compiled Java code, j=interpreted, Vv=VM code, C=native code)

Java frames: (J=compiled Java code, j=interpreted, Vv=VM code)
J 942  java.lang.ClassLoader.defineClass1(Ljava/lang/String;[BIILjava/security/ProtectionDomain;Ljava/lang/String;)Ljava/lang/Class; (0 bytes) @ 0x000000000370b2df [0x000000000370b240+0x9f]
J 803 C1 java.lang.ClassLoader.defineClass(Ljava/lang/String;[BIILjava/security/ProtectionDomain;)Ljava/lang/Class; (43 bytes) @ 0x00000000036ccb4c [0x00000000036cca20+0x12c]
J 873 C1 java.net.URLClassLoader.defineClass(Ljava/lang/String;Lsun/misc/Resource;)Ljava/lang/Class; (142 bytes) @ 0x00000000036ec03c [0x00000000036eb620+0xa1c]
J 691 C1 java.net.URLClassLoader$1.run()Ljava/lang/Class; (63 bytes) @ 0x00000000036a009c [0x000000000369ffc0+0xdc]
J 690 C1 java.net.URLClassLoader$1.run()Ljava/lang/Object; (5 bytes) @ 0x000000000369fc9c [0x000000000369fc60+0x3c]
v  ~StubRoutines::call_stub
J 245  java.security.AccessController.doPrivileged(Ljava/security/PrivilegedExceptionAction;Ljava/security/AccessControlContext;)Ljava/lang/Object; (0 bytes) @ 0x00000000035db066 [0x00000000035db000+0x66]
J 658 C1 java.net.URLClassLoader.findClass(Ljava/lang/String;)Ljava/lang/Class; (47 bytes) @ 0x0000000003692b64 [0x0000000003692aa0+0xc4]
j  java.lang.ClassLoader.loadClass(Ljava/lang/String;Z)Ljava/lang/Class;+70
J 614 C1 sun.misc.Launcher$AppClassLoader.loadClass(Ljava/lang/String;Z)Ljava/lang/Class; (85 bytes) @ 0x000000000367304c [0x0000000003672d40+0x30c]
J 612 C1 java.lang.ClassLoader.loadClass(Ljava/lang/String;)Ljava/lang/Class; (7 bytes) @ 0x000000000367263c [0x00000000036725e0+0x5c]
v  ~StubRoutines::call_stub
j  net.bytebuddy.description.field.FieldList$ForTokens.get(I)Lnet/bytebuddy/description/field/FieldDescription$InDefinedShape;+0
j  net.bytebuddy.description.field.FieldList$ForTokens.get(I)Ljava/lang/Object;+2
J 423 C1 java.util.AbstractList$Itr.next()Ljava/lang/Object; (45 bytes) @ 0x000000000361bea4 [0x000000000361be40+0x64]
j  net.bytebuddy.dynamic.scaffold.TypeWriter$Default$ForCreation.create(Lnet/bytebuddy/dynamic/scaffold/TypeInitializer;Lnet/bytebuddy/dynamic/scaffold/TypeWriter$Default$ClassDumpAction$Dispatcher;)Lnet/bytebuddy/dynamic/scaffold/TypeWriter$Default$UnresolvedType;+455
j  net.bytebuddy.dynamic.scaffold.TypeWriter$Default.make(Lnet/bytebuddy/dynamic/TypeResolutionStrategy$Resolved;)Lnet/bytebuddy/dynamic/DynamicType$Unloaded;+38
j  net.bytebuddy.dynamic.scaffold.subclass.SubclassDynamicTypeBuilder.make(Lnet/bytebuddy/dynamic/TypeResolutionStrategy;Lnet/bytebuddy/pool/TypePool;)Lnet/bytebuddy/dynamic/DynamicType$Unloaded;+147
j  net.bytebuddy.dynamic.scaffold.subclass.SubclassDynamicTypeBuilder.make(Lnet/bytebuddy/dynamic/TypeResolutionStrategy;)Lnet/bytebuddy/dynamic/DynamicType$Unloaded;+5
j  net.bytebuddy.dynamic.DynamicType$Builder$AbstractBase.make()Lnet/bytebuddy/dynamic/DynamicType$Unloaded;+4
j  net.bytebuddy.dynamic.DynamicType$Builder$AbstractBase$Delegator.make()Lnet/bytebuddy/dynamic/DynamicType$Unloaded;+4
j  org.hibernate.bytecode.internal.bytebuddy.ByteBuddyState.make(Lnet/bytebuddy/pool/TypePool;Lnet/bytebuddy/dynamic/DynamicType$Builder;)Lnet/bytebuddy/dynamic/DynamicType$Unloaded;+26
j  org.hibernate.bytecode.internal.bytebuddy.ByteBuddyState.make(Lnet/bytebuddy/dynamic/DynamicType$Builder;)Lnet/bytebuddy/dynamic/DynamicType$Unloaded;+3
j  org.hibernate.bytecode.internal.bytebuddy.ByteBuddyState.lambda$load$0(Ljava/util/function/Function;Ljava/lang/Class;)Ljava/lang/Class;+14
j  org.hibernate.bytecode.internal.bytebuddy.ByteBuddyState$$Lambda$670.call()Ljava/lang/Object;+12
j  net.bytebuddy.TypeCache.findOrInsert(Ljava/lang/ClassLoader;Ljava/lang/Object;Ljava/util/concurrent/Callable;)Ljava/lang/Class;+20
j  net.bytebuddy.TypeCache$WithInlineExpunction.findOrInsert(Ljava/lang/ClassLoader;Ljava/lang/Object;Ljava/util/concurrent/Callable;)Ljava/lang/Class;+4
j  net.bytebuddy.TypeCache.findOrInsert(Ljava/lang/ClassLoader;Ljava/lang/Object;Ljava/util/concurrent/Callable;Ljava/lang/Object;)Ljava/lang/Class;+26
j  net.bytebuddy.TypeCache$WithInlineExpunction.findOrInsert(Ljava/lang/ClassLoader;Ljava/lang/Object;Ljava/util/concurrent/Callable;Ljava/lang/Object;)Ljava/lang/Class;+6
j  org.hibernate.bytecode.internal.bytebuddy.ByteBuddyState.load(Ljava/lang/Class;Lnet/bytebuddy/TypeCache;Lnet/bytebuddy/TypeCache$SimpleKey;Ljava/util/function/Function;)Ljava/lang/Class;+16
j  org.hibernate.bytecode.internal.bytebuddy.ByteBuddyState.loadProxy(Ljava/lang/Class;Lnet/bytebuddy/TypeCache$SimpleKey;Ljava/util/function/Function;)Ljava/lang/Class;+8
j  org.hibernate.proxy.pojo.bytebuddy.ByteBuddyProxyHelper.buildProxy(Ljava/lang/Class;[Ljava/lang/Class;)Ljava/lang/Class;+52
j  org.hibernate.proxy.pojo.bytebuddy.ByteBuddyProxyFactory.postInstantiate(Ljava/lang/String;Ljava/lang/Class;Ljava/util/Set;Ljava/lang/reflect/Method;Ljava/lang/reflect/Method;Lorg/hibernate/type/CompositeType;)V+55
j  org.hibernate.tuple.entity.PojoEntityTuplizer.buildProxyFactory(Lorg/hibernate/mapping/PersistentClass;Lorg/hibernate/property/access/spi/Getter;Lorg/hibernate/property/access/spi/Setter;)Lorg/hibernate/proxy/ProxyFactory;+104
j  org.hibernate.tuple.entity.AbstractEntityTuplizer.<init>(Lorg/hibernate/tuple/entity/EntityMetamodel;Lorg/hibernate/mapping/PersistentClass;)V+198
j  org.hibernate.tuple.entity.PojoEntityTuplizer.<init>(Lorg/hibernate/tuple/entity/EntityMetamodel;Lorg/hibernate/mapping/PersistentClass;)V+3
v  ~StubRoutines::call_stub
J 1388  sun.reflect.NativeConstructorAccessorImpl.newInstance0(Ljava/lang/reflect/Constructor;[Ljava/lang/Object;)Ljava/lang/Object; (0 bytes) @ 0x00000000037b3026 [0x00000000037b2fc0+0x66]
J 1387 C1 sun.reflect.NativeConstructorAccessorImpl.newInstance([Ljava/lang/Object;)Ljava/lang/Object; (89 bytes) @ 0x00000000037b37a4 [0x00000000037b33e0+0x3c4]
J 1449 C1 sun.reflect.DelegatingConstructorAccessorImpl.newInstance([Ljava/lang/Object;)Ljava/lang/Object; (9 bytes) @ 0x00000000037d217c [0x00000000037d2120+0x5c]
J 1263 C1 java.lang.reflect.Constructor.newInstance([Ljava/lang/Object;)Ljava/lang/Object; (87 bytes) @ 0x00000000037807c4 [0x0000000003780680+0x144]
j  org.hibernate.tuple.entity.EntityTuplizerFactory.constructTuplizer(Ljava/lang/Class;Lorg/hibernate/tuple/entity/EntityMetamodel;Lorg/hibernate/mapping/PersistentClass;)Lorg/hibernate/tuple/entity/EntityTuplizer;+70
j  org.hibernate.tuple.entity.EntityTuplizerFactory.constructDefaultTuplizer(Lorg/hibernate/EntityMode;Lorg/hibernate/tuple/entity/EntityMetamodel;Lorg/hibernate/mapping/PersistentClass;)Lorg/hibernate/tuple/entity/EntityTuplizer;+57
j  org.hibernate.tuple.entity.EntityMetamodel.<init>(Lorg/hibernate/mapping/PersistentClass;Lorg/hibernate/persister/entity/EntityPersister;Lorg/hibernate/engine/spi/SessionFactoryImplementor;)V+1783
j  org.hibernate.persister.entity.AbstractEntityPersister.<init>(Lorg/hibernate/mapping/PersistentClass;Lorg/hibernate/cache/spi/access/EntityDataAccess;Lorg/hibernate/cache/spi/access/NaturalIdDataAccess;Lorg/hibernate/persister/spi/PersisterCreationContext;)V+207
j  org.hibernate.persister.entity.SingleTableEntityPersister.<init>(Lorg/hibernate/mapping/PersistentClass;Lorg/hibernate/cache/spi/access/EntityDataAccess;Lorg/hibernate/cache/spi/access/NaturalIdDataAccess;Lorg/hibernate/persister/spi/PersisterCreationContext;)V+6
v  ~StubRoutines::call_stub
J 1388  sun.reflect.NativeConstructorAccessorImpl.newInstance0(Ljava/lang/reflect/Constructor;[Ljava/lang/Object;)Ljava/lang/Object; (0 bytes) @ 0x00000000037b3026 [0x00000000037b2fc0+0x66]
J 1387 C1 sun.reflect.NativeConstructorAccessorImpl.newInstance([Ljava/lang/Object;)Ljava/lang/Object; (89 bytes) @ 0x00000000037b37a4 [0x00000000037b33e0+0x3c4]
J 1449 C1 sun.reflect.DelegatingConstructorAccessorImpl.newInstance([Ljava/lang/Object;)Ljava/lang/Object; (9 bytes) @ 0x00000000037d217c [0x00000000037d2120+0x5c]
J 1263 C1 java.lang.reflect.Constructor.newInstance([Ljava/lang/Object;)Ljava/lang/Object; (87 bytes) @ 0x00000000037807c4 [0x0000000003780680+0x144]
j  org.hibernate.persister.internal.PersisterFactoryImpl.createEntityPersister(Ljava/lang/Class;Lorg/hibernate/mapping/PersistentClass;Lorg/hibernate/cache/spi/access/EntityDataAccess;Lorg/hibernate/cache/spi/access/NaturalIdDataAccess;Lorg/hibernate/persister/spi/PersisterCreationContext;)Lorg/hibernate/persister/entity/EntityPersister;+33
j  org.hibernate.persister.internal.PersisterFactoryImpl.createEntityPersister(Lorg/hibernate/mapping/PersistentClass;Lorg/hibernate/cache/spi/access/EntityDataAccess;Lorg/hibernate/cache/spi/access/NaturalIdDataAccess;Lorg/hibernate/persister/spi/PersisterCreationContext;)Lorg/hibernate/persister/entity/EntityPersister;+41
j  org.hibernate.metamodel.internal.MetamodelImpl.initialize(Lorg/hibernate/boot/spi/MetadataImplementor;Lorg/hibernate/metamodel/internal/JpaMetaModelPopulationSetting;)V+148
j  org.hibernate.internal.SessionFactoryImpl.<init>(Lorg/hibernate/boot/spi/MetadataImplementor;Lorg/hibernate/boot/spi/SessionFactoryOptions;Lorg/hibernate/engine/query/spi/QueryPlanCache$QueryPlanCreator;)V+662
j  org.hibernate.boot.internal.SessionFactoryBuilderImpl.build()Lorg/hibernate/SessionFactory;+73
j  org.hibernate.jpa.boot.internal.EntityManagerFactoryBuilderImpl.build()Ljavax/persistence/EntityManagerFactory;+20
j  org.springframework.orm.jpa.vendor.SpringHibernateJpaPersistenceProvider.createContainerEntityManagerFactory(Ljavax/persistence/spi/PersistenceUnitInfo;Ljava/util/Map;)Ljavax/persistence/EntityManagerFactory;+55
j  org.springframework.orm.jpa.LocalContainerEntityManagerFactoryBean.createNativeEntityManagerFactory()Ljavax/persistence/EntityManagerFactory;+129
j  org.springframework.orm.jpa.AbstractEntityManagerFactoryBean.buildNativeEntityManagerFactory()Ljavax/persistence/EntityManagerFactory;+1
j  org.springframework.orm.jpa.AbstractEntityManagerFactoryBean$$Lambda$541.call()Ljava/lang/Object;+4
j  java.util.concurrent.FutureTask.run()V+42
j  java.util.concurrent.ThreadPoolExecutor.runWorker(Ljava/util/concurrent/ThreadPoolExecutor$Worker;)V+95
j  java.util.concurrent.ThreadPoolExecutor$Worker.run()V+5
j  java.lang.Thread.run()V+11
v  ~StubRoutines::call_stub

---------------  P R O C E S S  ---------------

Java Threads: ( => current thread )
  0x0000000021da7800 JavaThread "http-nio-8080-Acceptor" daemon [_thread_in_native, id=8868, stack(0x0000000025640000,0x0000000025740000)]
  0x0000000021dae000 JavaThread "http-nio-8080-ClientPoller" daemon [_thread_in_native, id=7664, stack(0x0000000025540000,0x0000000025640000)]
  0x0000000021dad800 JavaThread "http-nio-8080-exec-10" daemon [_thread_blocked, id=1360, stack(0x0000000025440000,0x0000000025540000)]
  0x0000000021a7e000 JavaThread "http-nio-8080-exec-9" daemon [_thread_blocked, id=13236, stack(0x0000000025340000,0x0000000025440000)]
  0x0000000021a7d000 JavaThread "http-nio-8080-exec-8" daemon [_thread_blocked, id=4768, stack(0x0000000025240000,0x0000000025340000)]
  0x0000000021a7c800 JavaThread "http-nio-8080-exec-7" daemon [_thread_blocked, id=460, stack(0x0000000025140000,0x0000000025240000)]
  0x0000000021a7b800 JavaThread "http-nio-8080-exec-6" daemon [_thread_blocked, id=8264, stack(0x0000000025040000,0x0000000025140000)]
  0x0000000021a74000 JavaThread "http-nio-8080-exec-5" daemon [_thread_blocked, id=4688, stack(0x0000000024f40000,0x0000000025040000)]
  0x0000000021a7b000 JavaThread "http-nio-8080-exec-4" daemon [_thread_blocked, id=9372, stack(0x0000000024e40000,0x0000000024f40000)]
  0x0000000021a73800 JavaThread "http-nio-8080-exec-3" daemon [_thread_blocked, id=3300, stack(0x0000000024d40000,0x0000000024e40000)]
  0x0000000021a79800 JavaThread "http-nio-8080-exec-2" daemon [_thread_blocked, id=8500, stack(0x0000000024c40000,0x0000000024d40000)]
  0x0000000021a7a000 JavaThread "http-nio-8080-exec-1" daemon [_thread_blocked, id=9016, stack(0x0000000024940000,0x0000000024a40000)]
  0x0000000021a78800 JavaThread "http-nio-8080-BlockPoller" daemon [_thread_in_native, id=3140, stack(0x0000000024740000,0x0000000024840000)]
  0x0000000021a78000 JavaThread "Live Reload Server" daemon [_thread_in_native, id=1396, stack(0x0000000024840000,0x0000000024940000)]
  0x0000000021a70800 JavaThread "File Watcher" daemon [_thread_blocked, id=3156, stack(0x0000000024640000,0x0000000024740000)]
  0x0000000021a77000 JavaThread "I/O dispatcher 8" [_thread_in_native, id=5788, stack(0x0000000024140000,0x0000000024240000)]
  0x0000000021a76800 JavaThread "I/O dispatcher 7" [_thread_in_native, id=7384, stack(0x0000000024040000,0x0000000024140000)]
  0x0000000021a6f000 JavaThread "I/O dispatcher 6" [_thread_in_native, id=2760, stack(0x0000000023f40000,0x0000000024040000)]
  0x0000000021a72000 JavaThread "I/O dispatcher 5" [_thread_in_native, id=2924, stack(0x0000000023e40000,0x0000000023f40000)]
  0x0000000021a75800 JavaThread "I/O dispatcher 4" [_thread_in_native, id=11000, stack(0x0000000023d40000,0x0000000023e40000)]
  0x0000000021a72800 JavaThread "I/O dispatcher 3" [_thread_in_native, id=6180, stack(0x0000000023c40000,0x0000000023d40000)]
  0x0000000021a6f800 JavaThread "I/O dispatcher 2" [_thread_in_native, id=7536, stack(0x0000000023b40000,0x0000000023c40000)]
  0x0000000021a71000 JavaThread "I/O dispatcher 1" [_thread_in_native, id=2976, stack(0x0000000023a40000,0x0000000023b40000)]
  0x0000000021a75000 JavaThread "pool-1-thread-1" [_thread_in_native, id=2140, stack(0x0000000023940000,0x0000000023a40000)]
  0x000000001c8ec000 JavaThread "container-0" [_thread_blocked, id=2756, stack(0x0000000023040000,0x0000000023140000)]
  0x000000001c8ef000 JavaThread "Catalina-utility-2" [_thread_blocked, id=12756, stack(0x0000000022f40000,0x0000000023040000)]
  0x000000001c8f0800 JavaThread "Catalina-utility-1" [_thread_blocked, id=2980, stack(0x0000000022e40000,0x0000000022f40000)]
=>0x000000001c8ea800 JavaThread "task-1" [_thread_in_vm, id=13208, stack(0x0000000022d40000,0x0000000022e40000)]
  0x000000001c8ed000 JavaThread "HikariPool-1 connection adder" daemon [_thread_blocked, id=6020, stack(0x0000000022a40000,0x0000000022b40000)]
  0x000000001c8eb800 JavaThread "HikariPool-1 housekeeper" daemon [_thread_blocked, id=7540, stack(0x0000000022940000,0x0000000022a40000)]
  0x000000001c8ea000 JavaThread "mysql-cj-abandoned-connection-cleanup" daemon [_thread_blocked, id=11880, stack(0x0000000020570000,0x0000000020670000)]
  0x000000001c8f0000 JavaThread "JMX server connection timeout 27" daemon [_thread_blocked, id=10564, stack(0x0000000020770000,0x0000000020870000)]
  0x000000001eb74000 JavaThread "RMI TCP Connection(3)-127.0.0.1" daemon [_thread_in_native, id=8652, stack(0x0000000020670000,0x0000000020770000)]
  0x000000001e957000 JavaThread "restartedMain" [_thread_in_vm, id=6172, stack(0x0000000020070000,0x0000000020170000)]
  0x000000001e937800 JavaThread "Thread-2" [_thread_blocked, id=9848, stack(0x000000001ff70000,0x0000000020070000)]
  0x000000001e8fd000 JavaThread "JMX server connection timeout 21" daemon [_thread_blocked, id=5952, stack(0x000000001fe70000,0x000000001ff70000)]
  0x000000001e8f4800 JavaThread "RMI TCP Connection(2)-127.0.0.1" daemon [_thread_in_native, id=11336, stack(0x000000001fd70000,0x000000001fe70000)]
  0x000000001e8ed800 JavaThread "RMI Scheduler(0)" daemon [_thread_blocked, id=12672, stack(0x000000001fb70000,0x000000001fc70000)]
  0x000000001e35e800 JavaThread "RMI TCP Connection(1)-127.0.0.1" daemon [_thread_in_native, id=10680, stack(0x000000001fa70000,0x000000001fb70000)]
  0x000000001e143800 JavaThread "RMI TCP Accept-0" daemon [_thread_in_native, id=11480, stack(0x000000001e560000,0x000000001e660000)]
  0x000000001e138800 JavaThread "RMI TCP Accept-57813" daemon [_thread_in_native, id=8720, stack(0x000000001e460000,0x000000001e560000)]
  0x000000001e12a000 JavaThread "RMI TCP Accept-0" daemon [_thread_in_native, id=2352, stack(0x000000001e360000,0x000000001e460000)]
  0x000000001c910000 JavaThread "Service Thread" daemon [_thread_blocked, id=10908, stack(0x000000001da60000,0x000000001db60000)]
  0x000000001c8ed800 JavaThread "C1 CompilerThread3" daemon [_thread_in_native, id=8140, stack(0x000000001d960000,0x000000001da60000)]
  0x000000001c8a4800 JavaThread "C2 CompilerThread2" daemon [_thread_blocked, id=8328, stack(0x000000001d860000,0x000000001d960000)]
  0x000000001c882000 JavaThread "C2 CompilerThread1" daemon [_thread_blocked, id=13212, stack(0x000000001d760000,0x000000001d860000)]
  0x000000001c87c800 JavaThread "C2 CompilerThread0" daemon [_thread_blocked, id=12432, stack(0x000000001d660000,0x000000001d760000)]
  0x000000001c86d800 JavaThread "JDWP Command Reader" daemon [_thread_in_native, id=9688, stack(0x000000001d560000,0x000000001d660000)]
  0x000000001c86a800 JavaThread "JDWP Event Helper Thread" daemon [_thread_blocked, id=11072, stack(0x000000001d460000,0x000000001d560000)]
  0x000000001c85e000 JavaThread "JDWP Transport Listener: dt_socket" daemon [_thread_blocked, id=9764, stack(0x000000001d360000,0x000000001d460000)]
  0x000000001c854000 JavaThread "Attach Listener" daemon [_thread_blocked, id=4744, stack(0x000000001cf20000,0x000000001d020000)]
  0x000000001c853000 JavaThread "Signal Dispatcher" daemon [_thread_blocked, id=1160, stack(0x000000001ce20000,0x000000001cf20000)]
  0x000000001a946000 JavaThread "Finalizer" daemon [_thread_blocked, id=11548, stack(0x000000001cc20000,0x000000001cd20000)]
  0x000000000346e000 JavaThread "Reference Handler" daemon [_thread_blocked, id=12476, stack(0x000000001c720000,0x000000001c820000)]
  0x0000000003379000 JavaThread "main" [_thread_blocked, id=13096, stack(0x0000000003240000,0x0000000003340000)]

Other Threads:
  0x000000001a939000 VMThread [stack: 0x000000001c620000,0x000000001c720000] [id=12444]
  0x000000001e14f000 WatcherThread [stack: 0x000000001e660000,0x000000001e760000] [id=13188]

VM state:not at safepoint (normal execution)

VM Mutex/Monitor currently owned by a thread: None

heap address: 0x0000000701c00000, size: 3044 MB, Compressed Oops mode: Zero based, Oop shift amount: 3
Narrow klass base: 0x0000000000000000, Narrow klass shift: 3
Compressed class space size: 1073741824 Address: 0x00000007c0000000

Heap:
 PSYoungGen      total 211968K, used 33417K [0x0000000780980000, 0x000000078f500000, 0x00000007c0000000)
  eden space 203264K, 16% used [0x0000000780980000,0x0000000782a227e0,0x000000078d000000)
  from space 8704K, 0% used [0x000000078ec80000,0x000000078ec80000,0x000000078f500000)
  to   space 18944K, 0% used [0x000000078d000000,0x000000078d000000,0x000000078e280000)
 ParOldGen       total 81920K, used 21814K [0x0000000701c00000, 0x0000000706c00000, 0x0000000780980000)
  object space 81920K, 26% used [0x0000000701c00000,0x000000070314db30,0x0000000706c00000)
 Metaspace       used 48346K, capacity 51021K, committed 51368K, reserved 1095680K
  class space    used 6704K, capacity 7190K, committed 7336K, reserved 1048576K

Card table byte_map: [0x0000000012830000,0x0000000012e30000] byte_map_base: 0x000000000f022000

Marking Bits: (ParMarkBitMap*) 0x0000000060abbe30
 Begin Bits: [0x0000000013a30000, 0x00000000169c0000)
 End Bits:   [0x00000000169c0000, 0x0000000019950000)

Polling page: 0x0000000001430000

CodeCache: size=245760Kb used=8590Kb max_used=8590Kb free=237169Kb
 bounds [0x0000000003470000, 0x0000000003ce0000, 0x0000000012470000]
 total_blobs=4714 nmethods=4167 adapters=467
 compilation: enabled

Compilation events (10 events):
Event: 8.645 Thread 0x000000001c8ed800 nmethod 4240 0x0000000003cd3550 code [0x0000000003cd36a0, 0x0000000003cd37b0]
Event: 8.646 Thread 0x000000001c8ed800 4241       1       java.net.URL::getDefaultPort (8 bytes)
Event: 8.646 Thread 0x000000001c8ed800 nmethod 4241 0x0000000003cd3810 code [0x0000000003cd3960, 0x0000000003cd3aa8]
Event: 8.646 Thread 0x000000001c8ed800 4242       1       org.springframework.transaction.annotation.AnnotationTransactionAttributeSource::isCandidateClass (46 bytes)
Event: 8.647 Thread 0x000000001c8ed800 nmethod 4242 0x0000000003cd3b10 code [0x0000000003cd3ca0, 0x0000000003cd3ef8]
Event: 8.647 Thread 0x000000001c8ed800 4243       1       org.springframework.transaction.annotation.SpringTransactionAnnotationParser::isCandidateClass (7 bytes)
Event: 8.648 Thread 0x000000001c8ed800 nmethod 4243 0x0000000003cd4010 code [0x0000000003cd41a0, 0x0000000003cd4498]
Event: 8.648 Thread 0x000000001c8ed800 4244       1       org.springframework.orm.jpa.support.PersistenceAnnotationBeanPostProcessor::requiresDestruction (11 bytes)
Event: 8.648 Thread 0x000000001c8ed800 nmethod 4244 0x0000000003cd4790 code [0x0000000003cd48e0, 0x0000000003cd4a28]
Event: 8.653 Thread 0x000000001c8ed800 4245       1       org.springframework.asm.ClassReader::readCode (5085 bytes)

GC Heap History (10 events):
Event: 7.866 GC heap before
{Heap before GC invocations=11 (full 3):
 PSYoungGen      total 208896K, used 14821K [0x0000000780980000, 0x000000078fb00000, 0x00000007c0000000)
  eden space 194048K, 0% used [0x0000000780980000,0x0000000780980000,0x000000078c700000)
  from space 14848K, 99% used [0x000000078ec80000,0x000000078faf9598,0x000000078fb00000)
  to   space 11776K, 0% used [0x000000078c700000,0x000000078c700000,0x000000078d280000)
 ParOldGen       total 81920K, used 21986K [0x0000000701c00000, 0x0000000706c00000, 0x0000000780980000)
  object space 81920K, 26% used [0x0000000701c00000,0x0000000703178bd8,0x0000000706c00000)
 Metaspace       used 45950K, capacity 48391K, committed 48424K, reserved 1095680K
  class space    used 6228K, capacity 6684K, committed 6696K, reserved 1048576K
Event: 8.047 GC heap after
Heap after GC invocations=11 (full 3):
 PSYoungGen      total 208896K, used 0K [0x0000000780980000, 0x000000078fb00000, 0x00000007c0000000)
  eden space 194048K, 0% used [0x0000000780980000,0x0000000780980000,0x000000078c700000)
  from space 14848K, 0% used [0x000000078ec80000,0x000000078ec80000,0x000000078fb00000)
  to   space 11776K, 0% used [0x000000078c700000,0x000000078c700000,0x000000078d280000)
 ParOldGen       total 81920K, used 31272K [0x0000000701c00000, 0x0000000706c00000, 0x0000000780980000)
  object space 81920K, 38% used [0x0000000701c00000,0x0000000703a8a250,0x0000000706c00000)
 Metaspace       used 45950K, capacity 48391K, committed 48424K, reserved 1093632K
  class space    used 6228K, capacity 6684K, committed 6696K, reserved 1048576K
}
Event: 8.086 GC heap before
{Heap before GC invocations=12 (full 3):
 PSYoungGen      total 208896K, used 8116K [0x0000000780980000, 0x000000078fb00000, 0x00000007c0000000)
  eden space 194048K, 4% used [0x0000000780980000,0x000000078116d158,0x000000078c700000)
  from space 14848K, 0% used [0x000000078ec80000,0x000000078ec80000,0x000000078fb00000)
  to   space 11776K, 0% used [0x000000078c700000,0x000000078c700000,0x000000078d280000)
 ParOldGen       total 81920K, used 31272K [0x0000000701c00000, 0x0000000706c00000, 0x0000000780980000)
  object space 81920K, 38% used [0x0000000701c00000,0x0000000703a8a250,0x0000000706c00000)
 Metaspace       used 46252K, capacity 48665K, committed 48808K, reserved 1099776K
  class space    used 6292K, capacity 6754K, committed 6824K, reserved 1048576K
Event: 8.090 GC heap after
Heap after GC invocations=12 (full 3):
 PSYoungGen      total 205824K, used 496K [0x0000000780980000, 0x000000078fb00000, 0x00000007c0000000)
  eden space 194048K, 0% used [0x0000000780980000,0x0000000780980000,0x000000078c700000)
  from space 11776K, 4% used [0x000000078c700000,0x000000078c77c220,0x000000078d280000)
  to   space 14848K, 0% used [0x000000078ec80000,0x000000078ec80000,0x000000078fb00000)
 ParOldGen       total 81920K, used 31272K [0x0000000701c00000, 0x0000000706c00000, 0x0000000780980000)
  object space 81920K, 38% used [0x0000000701c00000,0x0000000703a8a250,0x0000000706c00000)
 Metaspace       used 46252K, capacity 48665K, committed 48808K, reserved 1099776K
  class space    used 6292K, capacity 6754K, committed 6824K, reserved 1048576K
}
Event: 8.090 GC heap before
{Heap before GC invocations=13 (full 4):
 PSYoungGen      total 205824K, used 496K [0x0000000780980000, 0x000000078fb00000, 0x00000007c0000000)
  eden space 194048K, 0% used [0x0000000780980000,0x0000000780980000,0x000000078c700000)
  from space 11776K, 4% used [0x000000078c700000,0x000000078c77c220,0x000000078d280000)
  to   space 14848K, 0% used [0x000000078ec80000,0x000000078ec80000,0x000000078fb00000)
 ParOldGen       total 81920K, used 31272K [0x0000000701c00000, 0x0000000706c00000, 0x0000000780980000)
  object space 81920K, 38% used [0x0000000701c00000,0x0000000703a8a250,0x0000000706c00000)
 Metaspace       used 46252K, capacity 48665K, committed 48808K, reserved 1099776K
  class space    used 6292K, capacity 6754K, committed 6824K, reserved 1048576K
Event: 8.173 GC heap after
Heap after GC invocations=13 (full 4):
 PSYoungGen      total 205824K, used 0K [0x0000000780980000, 0x000000078fb00000, 0x00000007c0000000)
  eden space 194048K, 0% used [0x0000000780980000,0x0000000780980000,0x000000078c700000)
  from space 11776K, 0% used [0x000000078c700000,0x000000078c700000,0x000000078d280000)
  to   space 14848K, 0% used [0x000000078ec80000,0x000000078ec80000,0x000000078fb00000)
 ParOldGen       total 81920K, used 21726K [0x0000000701c00000, 0x0000000706c00000, 0x0000000780980000)
  object space 81920K, 26% used [0x0000000701c00000,0x0000000703137ab0,0x0000000706c00000)
 Metaspace       used 46252K, capacity 48665K, committed 48808K, reserved 1095680K
  class space    used 6292K, capacity 6754K, committed 6824K, reserved 1048576K
}
Event: 8.208 GC heap before
{Heap before GC invocations=14 (full 4):
 PSYoungGen      total 205824K, used 3939K [0x0000000780980000, 0x000000078fb00000, 0x00000007c0000000)
  eden space 194048K, 2% used [0x0000000780980000,0x0000000780d58f70,0x000000078c700000)
  from space 11776K, 0% used [0x000000078c700000,0x000000078c700000,0x000000078d280000)
  to   space 14848K, 0% used [0x000000078ec80000,0x000000078ec80000,0x000000078fb00000)
 ParOldGen       total 81920K, used 21726K [0x0000000701c00000, 0x0000000706c00000, 0x0000000780980000)
  object space 81920K, 26% used [0x0000000701c00000,0x0000000703137ab0,0x0000000706c00000)
 Metaspace       used 46495K, capacity 48899K, committed 49064K, reserved 1095680K
  class space    used 6337K, capacity 6789K, committed 6824K, reserved 1048576K
Event: 8.213 GC heap after
Heap after GC invocations=14 (full 4):
 PSYoungGen      total 211968K, used 544K [0x0000000780980000, 0x000000078f500000, 0x00000007c0000000)
  eden space 203264K, 0% used [0x0000000780980000,0x0000000780980000,0x000000078d000000)
  from space 8704K, 6% used [0x000000078ec80000,0x000000078ed08000,0x000000078f500000)
  to   space 18944K, 0% used [0x000000078d000000,0x000000078d000000,0x000000078e280000)
 ParOldGen       total 81920K, used 21726K [0x0000000701c00000, 0x0000000706c00000, 0x0000000780980000)
  object space 81920K, 26% used [0x0000000701c00000,0x0000000703137ab0,0x0000000706c00000)
 Metaspace       used 46495K, capacity 48899K, committed 49064K, reserved 1095680K
  class space    used 6337K, capacity 6789K, committed 6824K, reserved 1048576K
}
Event: 8.213 GC heap before
{Heap before GC invocations=15 (full 5):
 PSYoungGen      total 211968K, used 544K [0x0000000780980000, 0x000000078f500000, 0x00000007c0000000)
  eden space 203264K, 0% used [0x0000000780980000,0x0000000780980000,0x000000078d000000)
  from space 8704K, 6% used [0x000000078ec80000,0x000000078ed08000,0x000000078f500000)
  to   space 18944K, 0% used [0x000000078d000000,0x000000078d000000,0x000000078e280000)
 ParOldGen       total 81920K, used 21726K [0x0000000701c00000, 0x0000000706c00000, 0x0000000780980000)
  object space 81920K, 26% used [0x0000000701c00000,0x0000000703137ab0,0x0000000706c00000)
 Metaspace       used 46495K, capacity 48899K, committed 49064K, reserved 1095680K
  class space    used 6337K, capacity 6789K, committed 6824K, reserved 1048576K
Event: 8.363 GC heap after
Heap after GC invocations=15 (full 5):
 PSYoungGen      total 211968K, used 0K [0x0000000780980000, 0x000000078f500000, 0x00000007c0000000)
  eden space 203264K, 0% used [0x0000000780980000,0x0000000780980000,0x000000078d000000)
  from space 8704K, 0% used [0x000000078ec80000,0x000000078ec80000,0x000000078f500000)
  to   space 18944K, 0% used [0x000000078d000000,0x000000078d000000,0x000000078e280000)
 ParOldGen       total 81920K, used 21814K [0x0000000701c00000, 0x0000000706c00000, 0x0000000780980000)
  object space 81920K, 26% used [0x0000000701c00000,0x000000070314db30,0x0000000706c00000)
 Metaspace       used 46495K, capacity 48899K, committed 49064K, reserved 1095680K
  class space    used 6337K, capacity 6789K, committed 6824K, reserved 1048576K
}

Deoptimization events (0 events):
No events

Classes redefined (0 events):
No events

Internal exceptions (10 events):
Event: 8.639 Thread 0x000000001e957000 Exception <a 'java/lang/ClassNotFoundException': org/springframework/core/io/support/PropertiesLoaderSupportCustomizer> (0x0000000781f95ef0) thrown at [C:\ade\jenkins\workspace\8-2-build-windows-amd64-cygwin\jdk8u241\331\hotspot\src\share\vm\classfile\sys
Event: 8.640 Thread 0x000000001e957000 Exception <a 'java/lang/ClassNotFoundException': org/springframework/beans/factory/config/PropertiesFactoryBeanCustomizer> (0x0000000781fc8018) thrown at [C:\ade\jenkins\workspace\8-2-build-windows-amd64-cygwin\jdk8u241\331\hotspot\src\share\vm\classfile\
Event: 8.641 Thread 0x000000001e957000 Exception <a 'java/lang/ArrayIndexOutOfBoundsException'> (0x0000000781fcaf68) thrown at [C:\ade\jenkins\workspace\8-2-build-windows-amd64-cygwin\jdk8u241\331\hotspot\src\share\vm\runtime\sharedRuntime.cpp, line 605]
Event: 8.641 Thread 0x000000001e957000 Exception <a 'java/lang/ArrayIndexOutOfBoundsException'> (0x0000000781fcd5c0) thrown at [C:\ade\jenkins\workspace\8-2-build-windows-amd64-cygwin\jdk8u241\331\hotspot\src\share\vm\runtime\sharedRuntime.cpp, line 605]
Event: 8.643 Thread 0x000000001e957000 Exception <a 'java/lang/ClassNotFoundException': org/springframework/beans/factory/FactoryBeanCustomizer> (0x0000000782000188) thrown at [C:\ade\jenkins\workspace\8-2-build-windows-amd64-cygwin\jdk8u241\331\hotspot\src\share\vm\classfile\systemDictionary.
Event: 8.644 Thread 0x000000001e957000 Exception <a 'java/lang/ClassNotFoundException': org/springframework/beans/factory/InitializingBeanCustomizer> (0x0000000782026da0) thrown at [C:\ade\jenkins\workspace\8-2-build-windows-amd64-cygwin\jdk8u241\331\hotspot\src\share\vm\classfile\systemDictio
Event: 8.647 Thread 0x000000001e957000 Exception <a 'java/lang/ArrayIndexOutOfBoundsException'> (0x000000078205adc0) thrown at [C:\ade\jenkins\workspace\8-2-build-windows-amd64-cygwin\jdk8u241\331\hotspot\src\share\vm\runtime\sharedRuntime.cpp, line 605]
Event: 8.647 Thread 0x000000001e957000 Exception <a 'java/lang/ArrayIndexOutOfBoundsException'> (0x000000078205ced0) thrown at [C:\ade\jenkins\workspace\8-2-build-windows-amd64-cygwin\jdk8u241\331\hotspot\src\share\vm\runtime\sharedRuntime.cpp, line 605]
Event: 8.653 Thread 0x000000001e957000 Exception <a 'java/lang/ArrayIndexOutOfBoundsException'> (0x00000007821c8de8) thrown at [C:\ade\jenkins\workspace\8-2-build-windows-amd64-cygwin\jdk8u241\331\hotspot\src\share\vm\runtime\sharedRuntime.cpp, line 605]
Event: 8.660 Thread 0x000000001e957000 Exception <a 'java/lang/ArrayIndexOutOfBoundsException'> (0x0000000782223e00) thrown at [C:\ade\jenkins\workspace\8-2-build-windows-amd64-cygwin\jdk8u241\331\hotspot\src\share\vm\runtime\sharedRuntime.cpp, line 605]

Events (10 events):
Event: 8.666 Thread 0x000000001e957000 DEOPT PACKING pc=0x00000000036521cc sp=0x000000002016b900
Event: 8.666 Thread 0x000000001e957000 DEOPT UNPACKING pc=0x00000000034b7890 sp=0x000000002016b720 mode 1
Event: 8.666 loading class net/bytebuddy/description/field/FieldDescription$Latent
Event: 8.666 loading class net/bytebuddy/description/field/FieldDescription$Latent done
Event: 8.666 Thread 0x000000001c8ea800 DEOPT PACKING pc=0x0000000003692c11 sp=0x0000000022e3b650
Event: 8.666 Thread 0x000000001c8ea800 DEOPT UNPACKING pc=0x00000000034b7890 sp=0x0000000022e3b3a0 mode 1
Event: 8.666 Thread 0x000000001c8ea800 DEOPT PACKING pc=0x0000000003652284 sp=0x0000000022e3b6d0
Event: 8.666 Thread 0x000000001c8ea800 DEOPT UNPACKING pc=0x00000000034b7890 sp=0x0000000022e3b4f0 mode 1
Event: 8.666 Thread 0x000000001c8ea800 DEOPT PACKING pc=0x00000000036521cc sp=0x0000000022e3b860
Event: 8.666 Thread 0x000000001c8ea800 DEOPT UNPACKING pc=0x00000000034b7890 sp=0x0000000022e3b680 mode 1


Dynamic libraries:
0x00007ff7768c0000 - 0x00007ff7768f7000 	C:\Program Files\Java\jre1.8.0_241\bin\javaw.exe
0x00007ffe7ea90000 - 0x00007ffe7ec85000 	C:\WINDOWS\SYSTEM32\ntdll.dll
0x00007ffe7caf0000 - 0x00007ffe7cbad000 	C:\WINDOWS\System32\KERNEL32.DLL
0x00007ffe7c6a0000 - 0x00007ffe7c969000 	C:\WINDOWS\System32\KERNELBASE.dll
0x00007ffe7d120000 - 0x00007ffe7d1cc000 	C:\WINDOWS\System32\ADVAPI32.dll
0x00007ffe7d1d0000 - 0x00007ffe7d26e000 	C:\WINDOWS\System32\msvcrt.dll
0x00007ffe7d380000 - 0x00007ffe7d41c000 	C:\WINDOWS\System32\sechost.dll
0x00007ffe7ce50000 - 0x00007ffe7cf7b000 	C:\WINDOWS\System32\RPCRT4.dll
0x00007ffe7de30000 - 0x00007ffe7dfd0000 	C:\WINDOWS\System32\USER32.dll
0x00007ffe7c360000 - 0x00007ffe7c382000 	C:\WINDOWS\System32\win32u.dll
0x00007ffe7e2d0000 - 0x00007ffe7e2fa000 	C:\WINDOWS\System32\GDI32.dll
0x00007ffe7c250000 - 0x00007ffe7c35b000 	C:\WINDOWS\System32\gdi32full.dll
0x00007ffe7c3f0000 - 0x00007ffe7c48d000 	C:\WINDOWS\System32\msvcp_win.dll
0x00007ffe7c9c0000 - 0x00007ffe7cac0000 	C:\WINDOWS\System32\ucrtbase.dll
0x00007ffe65a20000 - 0x00007ffe65cba000 	C:\WINDOWS\WinSxS\amd64_microsoft.windows.common-controls_6595b64144ccf1df_6.0.19041.844_none_ca00b6081b84eb1d\COMCTL32.dll
0x00007ffe7cc80000 - 0x00007ffe7ccb0000 	C:\WINDOWS\System32\IMM32.DLL
0x0000000061370000 - 0x0000000061442000 	C:\Program Files\Java\jre1.8.0_241\bin\msvcr100.dll
0x0000000060290000 - 0x0000000060b3c000 	C:\Program Files\Java\jre1.8.0_241\bin\server\jvm.dll
0x00007ffe7cff0000 - 0x00007ffe7cff8000 	C:\WINDOWS\System32\PSAPI.DLL
0x00007ffe79710000 - 0x00007ffe79719000 	C:\WINDOWS\SYSTEM32\WSOCK32.dll
0x00007ffe76800000 - 0x00007ffe7680a000 	C:\WINDOWS\SYSTEM32\VERSION.dll
0x00007ffe797a0000 - 0x00007ffe797c7000 	C:\WINDOWS\SYSTEM32\WINMM.dll
0x00007ffe7cf80000 - 0x00007ffe7cfeb000 	C:\WINDOWS\System32\WS2_32.dll
0x00007ffe77940000 - 0x00007ffe7794f000 	C:\Program Files\Java\jre1.8.0_241\bin\verify.dll
0x00007ffe65780000 - 0x00007ffe657a9000 	C:\Program Files\Java\jre1.8.0_241\bin\java.dll
0x00007ffe55400000 - 0x00007ffe55435000 	C:\Program Files\Java\jre1.8.0_241\bin\jdwp.dll
0x00007ffe70e80000 - 0x00007ffe70e88000 	C:\Program Files\Java\jre1.8.0_241\bin\npt.dll
0x00007ffe75d00000 - 0x00007ffe75d16000 	C:\Program Files\Java\jre1.8.0_241\bin\zip.dll
0x00007ffe7e300000 - 0x00007ffe7ea42000 	C:\WINDOWS\System32\SHELL32.dll
0x00007ffe7a310000 - 0x00007ffe7aaa0000 	C:\WINDOWS\SYSTEM32\windows.storage.dll
0x00007ffe7d990000 - 0x00007ffe7dce5000 	C:\WINDOWS\System32\combase.dll
0x00007ffe7bb70000 - 0x00007ffe7bb9c000 	C:\WINDOWS\SYSTEM32\Wldp.dll
0x00007ffe7d2d0000 - 0x00007ffe7d37e000 	C:\WINDOWS\System32\SHCORE.dll
0x00007ffe7e190000 - 0x00007ffe7e1e5000 	C:\WINDOWS\System32\shlwapi.dll
0x00007ffe7c110000 - 0x00007ffe7c12f000 	C:\WINDOWS\SYSTEM32\profapi.dll
0x00007ffe70510000 - 0x00007ffe70519000 	C:\Program Files\Java\jre1.8.0_241\bin\dt_socket.dll
0x00007ffe6f930000 - 0x00007ffe6f947000 	C:\WINDOWS\system32\napinsp.dll
0x00007ffe6f6a0000 - 0x00007ffe6f6bb000 	C:\WINDOWS\system32\pnrpnsp.dll
0x00007ffe58f60000 - 0x00007ffe58f75000 	C:\WINDOWS\system32\wshbth.dll
0x00007ffe778a0000 - 0x00007ffe778bd000 	C:\WINDOWS\system32\NLAapi.dll
0x00007ffe7b5e0000 - 0x00007ffe7b61b000 	C:\WINDOWS\SYSTEM32\IPHLPAPI.DLL
0x00007ffe7b8f0000 - 0x00007ffe7b95a000 	C:\WINDOWS\System32\mswsock.dll
0x00007ffe7b620000 - 0x00007ffe7b6eb000 	C:\WINDOWS\SYSTEM32\DNSAPI.dll
0x00007ffe7dfd0000 - 0x00007ffe7dfd8000 	C:\WINDOWS\System32\NSI.dll
0x00007ffe6f660000 - 0x00007ffe6f672000 	C:\WINDOWS\System32\winrnr.dll
0x00007ffe73340000 - 0x00007ffe733bf000 	C:\WINDOWS\System32\fwpuclnt.dll
0x00007ffe7cac0000 - 0x00007ffe7cae7000 	C:\WINDOWS\System32\bcrypt.dll
0x00007ffe72c60000 - 0x00007ffe72c6a000 	C:\Windows\System32\rasadhlp.dll
0x00007ffe76be0000 - 0x00007ffe76bed000 	C:\Program Files\Java\jre1.8.0_241\bin\management.dll
0x00007ffe71880000 - 0x00007ffe7189a000 	C:\Program Files\Java\jre1.8.0_241\bin\net.dll
0x00007ffe6f770000 - 0x00007ffe6f782000 	C:\Program Files\Java\jre1.8.0_241\bin\nio.dll
0x00007ffe7bad0000 - 0x00007ffe7bae8000 	C:\WINDOWS\SYSTEM32\CRYPTSP.dll
0x00007ffe7b290000 - 0x00007ffe7b2c4000 	C:\WINDOWS\system32\rsaenh.dll
0x00007ffe7c0d0000 - 0x00007ffe7c0fe000 	C:\WINDOWS\SYSTEM32\USERENV.dll
0x00007ffe7c1d0000 - 0x00007ffe7c250000 	C:\WINDOWS\System32\bcryptprimitives.dll
0x00007ffe7bac0000 - 0x00007ffe7bacc000 	C:\WINDOWS\SYSTEM32\CRYPTBASE.dll
0x00007ffe75670000 - 0x00007ffe75687000 	C:\WINDOWS\SYSTEM32\dhcpcsvc6.DLL
0x00007ffe758b0000 - 0x00007ffe758cd000 	C:\WINDOWS\SYSTEM32\dhcpcsvc.DLL
0x00007ffe5f320000 - 0x00007ffe5f344000 	C:\Program Files\Java\jre1.8.0_241\bin\sunec.dll
0x00007ffe76dc0000 - 0x00007ffe76dcb000 	C:\Program Files\Java\jre1.8.0_241\bin\sunmscapi.dll
0x00007ffe7c490000 - 0x00007ffe7c5ef000 	C:\WINDOWS\System32\CRYPT32.dll

VM Arguments:
jvm_args: -agentlib:jdwp=transport=dt_socket,suspend=y,address=localhost:57814 -Dcom.sun.management.jmxremote -Dcom.sun.management.jmxremote.port=57813 -Dcom.sun.management.jmxremote.authenticate=false -Dcom.sun.management.jmxremote.ssl=false -Djava.rmi.server.hostname=localhost -Dspring.jmx.enabled=true -Dspring.application.admin.enabled=true -Xverify:none -XX:TieredStopAtLevel=1 -Dfile.encoding=UTF-8 
java_command: org.project4.server.Project4 --spring.profiles.active=--module-path lib/win/javafx-sdk-15 --add-modules javafx.controls,javafx.fxml
java_class_path (initial): D:\HocTap\new\project4\target\classes;C:\Users\PV\.m2\repository\org\apache\commons\commons-lang3\3.4\commons-lang3-3.4.jar;C:\Users\PV\.m2\repository\org\springframework\boot\spring-boot-starter-data-jpa\2.3.4.RELEASE\spring-boot-starter-data-jpa-2.3.4.RELEASE.jar;C:\Users\PV\.m2\repository\org\springframework\boot\spring-boot-starter-aop\2.3.4.RELEASE\spring-boot-starter-aop-2.3.4.RELEASE.jar;C:\Users\PV\.m2\repository\org\aspectj\aspectjweaver\1.9.6\aspectjweaver-1.9.6.jar;C:\Users\PV\.m2\repository\org\springframework\boot\spring-boot-starter-jdbc\2.3.4.RELEASE\spring-boot-starter-jdbc-2.3.4.RELEASE.jar;C:\Users\PV\.m2\repository\com\zaxxer\HikariCP\3.4.5\HikariCP-3.4.5.jar;C:\Users\PV\.m2\repository\org\springframework\spring-jdbc\5.2.9.RELEASE\spring-jdbc-5.2.9.RELEASE.jar;C:\Users\PV\.m2\repository\jakarta\transaction\jakarta.transaction-api\1.3.3\jakarta.transaction-api-1.3.3.jar;C:\Users\PV\.m2\repository\jakarta\persistence\jakarta.persistence-api\2.2.3\jakarta.persistence-api-2.2.3.jar;C:\Users\PV\.m2\repository\org\hibernate\hibernate-core\5.4.21.Final\hibernate-core-5.4.21.Final.jar;C:\Users\PV\.m2\repository\org\jboss\logging\jboss-logging\3.4.1.Final\jboss-logging-3.4.1.Final.jar;C:\Users\PV\.m2\repository\org\javassist\javassist\3.24.0-GA\javassist-3.24.0-GA.jar;C:\Users\PV\.m2\repository\net\bytebuddy\byte-buddy\1.10.14\byte-buddy-1.10.14.jar;C:\Users\PV\.m2\repository\antlr\antlr\2.7.7\antlr-2.7.7.jar;C:\Users\PV\.m2\repository\org\jboss\jandex\2.1.3.Final\jandex-2.1.3.Final.jar;C:\Users\PV\.m2\repository\com\fasterxml\classmate\1.5.1\classmate-1.5.1.jar;C:\Users\PV\.m2\repository\org\dom4j\dom4j\2.1.3\dom4j-2.1.3.jar;C:\Users\PV\.m2\repository\org\hibernate\common\hibernate-commons-annotations\5.1.0.Final\hibernate-commons-annotations-5.1.0.Final.jar;C:\Users\PV\.m2\repository\org\glassfish\jaxb\jaxb-runtime\2.3.3\jaxb-runtime-2.3.3.jar;C:\Users\PV\.m2\repository\org\glassfish\jaxb\txw2\2.3.3\txw2-2.3.3.jar;C:\Users\PV
Launcher Type: SUN_STANDARD

Environment Variables:
JAVA_HOME=C:\Program Files\Java\jdk1.8.0_241
PATH=C:/Program Files/Java/jre1.8.0_241/bin/server;C:/Program Files/Java/jre1.8.0_241/bin;C:/Program Files/Java/jre1.8.0_241/lib/amd64;C:\Program Files\Common Files\Oracle\Java\javapath;C:\Program Files (x86)\Common Files\Oracle\Java\javapath;C:\WINDOWS\system32;C:\WINDOWS;C:\WINDOWS\System32\Wbem;C:\WINDOWS\System32\WindowsPowerShell\v1.0\;"C:\windows\system32;C:\windows\;";C:\Users\PV\Desktop\glassfish-4.1\glassfish4\bin;%MAVEN_HOME%\bin;C:\Users\PV\AppData\Roaming\npm;C:\Program Files (x86)\Microsoft SQL Server\90\Tools\binn\;D:\Program Files\nodejs\;C:\Program Files\Java\jdk1.8.0_241\bin;D:\apache-maven-3.6.3\bin;C:\Program Files\MySQL\MySQL Server 8.0\bin;D:\New Folder\bin\;D:\flutter\bin;C:\Program Files\Microsoft SQL Server\130\Tools\Binn\;C:\Program Files\Git\cmd;D:\HocTap\20201\IT4788-DaNenTang\deploy-heroku\Heroku\bin;C:\Program Files\MySQL\MySQL Shell 8.0\bin\;C:\Users\PV\AppData\Roaming\npm;C:\Users\PV\AppData\Local\Programs\Microsoft VS Code\bin;C:\Program Files\Java\jdk1.8.0_241\bin;C:\AppServ\Apache24\bin;C:\AppServ\php7;C:\AppServ\MySQL\bin;C:\Users\PV\AppData\Local\Microsoft\WindowsApps;C:\MinGW\bin;D:\VIM\vim82;C:\Program Files\MySQL\MySQL Server 8.0\bin;C:\Users\PV\AppData\Local\Yarn\bin;D:\flutter\bin;D:\HocTap\20201\IT4788-DaNenTang\deploy-heroku\Heroku\bin;E:\java\eclipse;
USERNAME=PV
OS=Windows_NT
PROCESSOR_IDENTIFIER=Intel64 Family 6 Model 142 Stepping 10, GenuineIntel



---------------  S Y S T E M  ---------------

OS: Windows 10.0 , 64 bit Build 19041 (10.0.19041.804)

CPU:total 8 (initial active 8) (4 cores per cpu, 2 threads per core) family 6 model 142 stepping 10, cmov, cx8, fxsr, mmx, sse, sse2, sse3, ssse3, sse4.1, sse4.2, popcnt, avx, avx2, aes, clmul, erms, 3dnowpref, lzcnt, ht, tsc, tscinvbit, bmi1, bmi2, adx

Memory: 4k page, physical 12466744k(2054668k free), swap 12466744k(3116k free)

vm_info: Java HotSpot(TM) 64-Bit Server VM (25.241-b07) for windows-amd64 JRE (1.8.0_241-b07), built on Dec 11 2019 10:21:40 by "rejava" with MS VC++ 10.0 (VS2010)

time: Mon Mar 15 14:23:59 2021
timezone: SE Asia Standard Time
elapsed time: 8 seconds (0d 0h 0m 8s)

